#! /cs/local/bin/vvp
:ivl_version "10.0 (stable)" "(v10_0)";
:ivl_delay_selection "TYPICAL";
:vpi_time_precision + 0;
:vpi_module "system";
:vpi_module "vhdl_sys";
:vpi_module "v2005_math";
:vpi_module "va_math";
S_0x9bd550 .scope module, "labK" "labK" 2 1;
 .timescale 0 0;
L_0xa06aa0 .functor XOR 1, v0x9bd3a0_0, v0xa060f0_0, C4<0>, C4<0>;
L_0xa06b90 .functor AND 1, v0x9bd3a0_0, v0xa060f0_0, C4<1>, C4<1>;
L_0xa06c80 .functor XOR 1, L_0xa06aa0, v0xa061b0_0, C4<0>, C4<0>;
L_0xa06d40 .functor AND 1, L_0xa06aa0, v0xa061b0_0, C4<1>, C4<1>;
L_0xa06e00 .functor OR 1, L_0xa06b90, L_0xa06d40, C4<0>, C4<0>;
v0x9bd3a0_0 .var "a", 0 0;
v0xa060f0_0 .var "b", 0 0;
v0xa061b0_0 .var "cin", 0 0;
v0xa06280_0 .net "cout", 0 0, L_0xa06e00;  1 drivers
v0xa06340_0 .var "expect", 1 0;
v0xa06470_0 .var/i "i", 31 0;
v0xa06550_0 .var/i "j", 31 0;
v0xa06630_0 .var/i "k", 31 0;
v0xa06710_0 .net "output1", 0 0, L_0xa06aa0;  1 drivers
v0xa06860_0 .net "output2", 0 0, L_0xa06b90;  1 drivers
v0xa06920_0 .net "output3", 0 0, L_0xa06d40;  1 drivers
v0xa069e0_0 .net "z", 0 0, L_0xa06c80;  1 drivers
    .scope S_0x9bd550;
T_0 ;
    %pushi/vec4 0, 0, 32;
    %store/vec4 v0xa06470_0, 0, 32;
T_0.0 ;
    %load/vec4 v0xa06470_0;
    %cmpi/s 2, 0, 32;
    %jmp/0xz T_0.1, 5;
    %pushi/vec4 0, 0, 32;
    %store/vec4 v0xa06550_0, 0, 32;
T_0.2 ;
    %load/vec4 v0xa06550_0;
    %cmpi/s 2, 0, 32;
    %jmp/0xz T_0.3, 5;
    %pushi/vec4 0, 0, 32;
    %store/vec4 v0xa06630_0, 0, 32;
T_0.4 ;
    %load/vec4 v0xa06630_0;
    %cmpi/s 2, 0, 32;
    %jmp/0xz T_0.5, 5;
    %load/vec4 v0xa06470_0;
    %pad/s 1;
    %store/vec4 v0x9bd3a0_0, 0, 1;
    %load/vec4 v0xa06550_0;
    %pad/s 1;
    %store/vec4 v0xa060f0_0, 0, 1;
    %load/vec4 v0xa06630_0;
    %pad/s 1;
    %store/vec4 v0xa061b0_0, 0, 1;
    %load/vec4 v0x9bd3a0_0;
    %pad/u 2;
    %load/vec4 v0xa060f0_0;
    %pad/u 2;
    %add;
    %load/vec4 v0xa061b0_0;
    %pad/u 2;
    %add;
    %store/vec4 v0xa06340_0, 0, 2;
    %delay 1, 0;
    %load/vec4 v0xa06340_0;
    %parti/s 1, 0, 2;
    %load/vec4 v0xa069e0_0;
    %cmp/e;
    %flag_get/vec4 6;
    %load/vec4 v0xa06340_0;
    %parti/s 1, 1, 2;
    %load/vec4 v0xa06280_0;
    %cmp/e;
    %flag_get/vec4 6;
    %and;
    %flag_set/vec4 8;
    %jmp/0xz  T_0.6, 8;
    %vpi_call 2 30 "$display", "PASS: a=%b b=%b c=%b z=%b", v0x9bd3a0_0, v0xa060f0_0, v0xa061b0_0, v0xa069e0_0 {0 0 0};
    %jmp T_0.7;
T_0.6 ;
    %vpi_call 2 32 "$display", "FAIL: a=%b b=%b c=%b z=%b", v0x9bd3a0_0, v0xa060f0_0, v0xa061b0_0, v0xa069e0_0 {0 0 0};
T_0.7 ;
    %load/vec4 v0xa06630_0;
    %addi 1, 0, 32;
    %store/vec4 v0xa06630_0, 0, 32;
    %jmp T_0.4;
T_0.5 ;
    %load/vec4 v0xa06550_0;
    %addi 1, 0, 32;
    %store/vec4 v0xa06550_0, 0, 32;
    %jmp T_0.2;
T_0.3 ;
    %load/vec4 v0xa06470_0;
    %addi 1, 0, 32;
    %store/vec4 v0xa06470_0, 0, 32;
    %jmp T_0.0;
T_0.1 ;
    %vpi_call 2 37 "$finish" {0 0 0};
    %end;
    .thread T_0;
# The file index is used to find the file name in the following table.
:file_names 3;
    "N/A";
    "<interactive>";
    "labK9.v";
